CarrotNaviApp/app/build/intermediates/manifest_merge_blame_file/debug/processDebugMainManifest/manifest-merger-blame-debug-report.txt
1<?xml version="1.0" encoding="utf-8"?>
2<manifest xmlns:android="http://schemas.android.com/apk/res/android"
3    package="com.example.carrotnavi"
4    android:versionCode="1"
5    android:versionName="1.0.0" >
6
7    <uses-sdk
8        android:minSdkVersion="24"
9        android:targetSdkVersion="36" />
10
11    <uses-permission android:name="android.permission.INTERNET" />
11-->src\main\AndroidManifest.xml:4:5-67
11-->src\main\AndroidManifest.xml:4:22-64
12    <uses-permission android:name="android.permission.ACCESS_NETWORK_STATE" />
12-->src\main\AndroidManifest.xml:5:5-79
12-->src\main\AndroidManifest.xml:5:22-76
13    <uses-permission android:name="android.permission.ACCESS_FINE_LOCATION" />
13-->src\main\AndroidManifest.xml:6:5-79
13-->src\main\AndroidManifest.xml:6:22-76
14    <uses-permission android:name="android.permission.ACCESS_COARSE_LOCATION" />
14-->src\main\AndroidManifest.xml:7:5-81
14-->src\main\AndroidManifest.xml:7:22-78
15    <uses-permission android:name="android.permission.ACCESS_BACKGROUND_LOCATION" />
15-->src\main\AndroidManifest.xml:8:5-85
15-->src\main\AndroidManifest.xml:8:22-82
16    <uses-permission android:name="android.permission.WAKE_LOCK" />
16-->src\main\AndroidManifest.xml:9:5-68
16-->src\main\AndroidManifest.xml:9:22-65
17    <uses-permission android:name="android.permission.FOREGROUND_SERVICE" />
17-->src\main\AndroidManifest.xml:10:5-77
17-->src\main\AndroidManifest.xml:10:22-74
18    <uses-permission android:name="android.permission.FOREGROUND_SERVICE_LOCATION" />
18-->src\main\AndroidManifest.xml:11:5-86
18-->src\main\AndroidManifest.xml:11:22-83
19    <uses-permission android:name="android.permission.POST_NOTIFICATIONS" />
19-->src\main\AndroidManifest.xml:12:5-77
19-->src\main\AndroidManifest.xml:12:22-74
20    <uses-permission android:name="android.permission.REQUEST_INSTALL_PACKAGES" />
20-->src\main\AndroidManifest.xml:13:5-83
20-->src\main\AndroidManifest.xml:13:22-80
21    <uses-permission android:name="android.permission.MANAGE_EXTERNAL_STORAGE" />
21-->[com.tmapmobility.tmap:tmap-ui-sdk:1.0.0.0146] AndroidManifest.xml:8:5-10:40
21-->[com.tmapmobility.tmap:tmap-ui-sdk:1.0.0.0146] AndroidManifest.xml:9:9-66
22
23    <permission
23-->[androidx.core:core:1.18.0] AndroidManifest.xml:22:5-24:47
24        android:name="com.example.carrotnavi.DYNAMIC_RECEIVER_NOT_EXPORTED_PERMISSION"
24-->[androidx.core:core:1.18.0] AndroidManifest.xml:23:9-81
25        android:protectionLevel="signature" />
25-->[androidx.core:core:1.18.0] AndroidManifest.xml:24:9-44
26
27    <uses-permission android:name="com.example.carrotnavi.DYNAMIC_RECEIVER_NOT_EXPORTED_PERMISSION" />
27-->[androidx.core:core:1.18.0] AndroidManifest.xml:26:5-97
27-->[androidx.core:core:1.18.0] AndroidManifest.xml:26:22-94
28
29    <uses-feature
29-->[com.tmapmobility.tmap:vsm-tmap-sdk:2.0.0] AndroidManifest.xml:7:5-9:35
30        android:glEsVersion="0x00020000"
30-->[com.tmapmobility.tmap:vsm-tmap-sdk:2.0.0] AndroidManifest.xml:8:9-41
31        android:required="true" />
31-->[com.tmapmobility.tmap:vsm-tmap-sdk:2.0.0] AndroidManifest.xml:9:9-32
32
33    <application
33-->src\main\AndroidManifest.xml:15:5-51:19
34        android:allowBackup="true"
34-->src\main\AndroidManifest.xml:16:9-35
35        android:appComponentFactory="androidx.core.app.CoreComponentFactory"
35-->[androidx.core:core:1.18.0] AndroidManifest.xml:28:18-86
36        android:debuggable="true"
37        android:extractNativeLibs="false"
38        android:icon="@mipmap/ic_launcher"
38-->src\main\AndroidManifest.xml:17:9-43
39        android:label="@string/app_name"
39-->src\main\AndroidManifest.xml:18:9-41
40        android:roundIcon="@mipmap/ic_launcher_round"
40-->src\main\AndroidManifest.xml:19:9-54
41        android:supportsRtl="true"
41-->src\main\AndroidManifest.xml:20:9-35
42        android:theme="@style/Theme.CarrotNavi"
42-->src\main\AndroidManifest.xml:22:9-48
43        android:windowSoftInputMode="adjustResize" >
43-->src\main\AndroidManifest.xml:21:9-51
44        <activity
44-->src\main\AndroidManifest.xml:23:9-30:20
45            android:name="com.example.carrotnavi.MainActivity"
45-->src\main\AndroidManifest.xml:24:13-41
46            android:exported="true" >
46-->src\main\AndroidManifest.xml:25:13-36
47            <intent-filter>
47-->src\main\AndroidManifest.xml:26:13-29:29
48                <action android:name="android.intent.action.MAIN" />
48-->src\main\AndroidManifest.xml:27:17-69
48-->src\main\AndroidManifest.xml:27:25-66
49
50                <category android:name="android.intent.category.LAUNCHER" />
50-->src\main\AndroidManifest.xml:28:17-77
50-->src\main\AndroidManifest.xml:28:27-74
51            </intent-filter>
52        </activity>
53        <activity
53-->src\main\AndroidManifest.xml:32:9-35:94
54            android:name="com.example.carrotnavi.MapActivity"
54-->src\main\AndroidManifest.xml:33:13-40
55            android:configChanges="screenSize|smallestScreenSize|screenLayout|orientation"
55-->src\main\AndroidManifest.xml:35:13-91
56            android:supportsPictureInPicture="true" />
56-->src\main\AndroidManifest.xml:34:13-52
57
58        <service
58-->src\main\AndroidManifest.xml:37:9-40:40
59            android:name="com.example.carrotnavi.UdpSenderService"
59-->src\main\AndroidManifest.xml:38:13-45
60            android:exported="false"
60-->src\main\AndroidManifest.xml:40:13-37
61            android:foregroundServiceType="location" />
61-->src\main\AndroidManifest.xml:39:13-53
62
63        <provider
64            android:name="androidx.core.content.FileProvider"
64-->src\main\AndroidManifest.xml:43:13-62
65            android:authorities="com.example.carrotnavi.fileprovider"
65-->src\main\AndroidManifest.xml:44:13-64
66            android:exported="false"
66-->src\main\AndroidManifest.xml:45:13-37
67            android:grantUriPermissions="true" >
67-->src\main\AndroidManifest.xml:46:13-47
68            <meta-data
68-->src\main\AndroidManifest.xml:47:13-49:54
69                android:name="android.support.FILE_PROVIDER_PATHS"
69-->src\main\AndroidManifest.xml:48:17-67
70                android:resource="@xml/file_paths" />
70-->src\main\AndroidManifest.xml:49:17-51
71        </provider>
72
73        <service
73-->[com.tmapmobility.tmap:navigation-sdk:11.0.0.0970] AndroidManifest.xml:21:9-25:56
74            android:name="com.skt.tmap.engine.navigation.location.TmapLocationService"
74-->[com.tmapmobility.tmap:navigation-sdk:11.0.0.0970] AndroidManifest.xml:22:13-87
75            android:enabled="true"
75-->[com.tmapmobility.tmap:navigation-sdk:11.0.0.0970] AndroidManifest.xml:23:13-35
76            android:exported="false"
76-->[com.tmapmobility.tmap:navigation-sdk:11.0.0.0970] AndroidManifest.xml:24:13-37
77            android:foregroundServiceType="location" />
77-->[com.tmapmobility.tmap:navigation-sdk:11.0.0.0970] AndroidManifest.xml:25:13-53
78
79        <activity
79-->[com.google.android.gms:play-services-base:18.5.0] AndroidManifest.xml:5:9-173
80            android:name="com.google.android.gms.common.api.GoogleApiActivity"
80-->[com.google.android.gms:play-services-base:18.5.0] AndroidManifest.xml:5:19-85
81            android:exported="false"
81-->[com.google.android.gms:play-services-base:18.5.0] AndroidManifest.xml:5:146-170
82            android:theme="@android:style/Theme.Translucent.NoTitleBar" />
82-->[com.google.android.gms:play-services-base:18.5.0] AndroidManifest.xml:5:86-145
83
84        <meta-data
84-->[com.google.android.gms:play-services-basement:18.4.0] AndroidManifest.xml:6:9-122
85            android:name="com.google.android.gms.version"
85-->[com.google.android.gms:play-services-basement:18.4.0] AndroidManifest.xml:6:20-65
86            android:value="@integer/google_play_services_version" />
86-->[com.google.android.gms:play-services-basement:18.4.0] AndroidManifest.xml:6:66-119
87
88        <activity
88-->[androidx.compose.ui:ui-tooling-android:1.10.6] AndroidManifest.xml:23:9-25:39
89            android:name="androidx.compose.ui.tooling.PreviewActivity"
89-->[androidx.compose.ui:ui-tooling-android:1.10.6] AndroidManifest.xml:24:13-71
90            android:exported="true" />
90-->[androidx.compose.ui:ui-tooling-android:1.10.6] AndroidManifest.xml:25:13-36
91
92        <uses-library
92-->[androidx.window:window:1.5.0] AndroidManifest.xml:23:9-25:40
93            android:name="androidx.window.extensions"
93-->[androidx.window:window:1.5.0] AndroidManifest.xml:24:13-54
94            android:required="false" />
94-->[androidx.window:window:1.5.0] AndroidManifest.xml:25:13-37
95        <uses-library
95-->[androidx.window:window:1.5.0] AndroidManifest.xml:26:9-28:40
96            android:name="androidx.window.sidecar"
96-->[androidx.window:window:1.5.0] AndroidManifest.xml:27:13-51
97            android:required="false" />
97-->[androidx.window:window:1.5.0] AndroidManifest.xml:28:13-37
98
99        <provider
99-->[androidx.emoji2:emoji2:1.4.0] AndroidManifest.xml:24:9-32:20
100            android:name="androidx.startup.InitializationProvider"
100-->[androidx.emoji2:emoji2:1.4.0] AndroidManifest.xml:25:13-67
101            android:authorities="com.example.carrotnavi.androidx-startup"
101-->[androidx.emoji2:emoji2:1.4.0] AndroidManifest.xml:26:13-68
102            android:exported="false" >
102-->[androidx.emoji2:emoji2:1.4.0] AndroidManifest.xml:27:13-37
103            <meta-data
103-->[androidx.emoji2:emoji2:1.4.0] AndroidManifest.xml:29:13-31:52
104                android:name="androidx.emoji2.text.EmojiCompatInitializer"
104-->[androidx.emoji2:emoji2:1.4.0] AndroidManifest.xml:30:17-75
105                android:value="androidx.startup" />
105-->[androidx.emoji2:emoji2:1.4.0] AndroidManifest.xml:31:17-49
106            <meta-data
106-->[androidx.lifecycle:lifecycle-process:2.10.0] AndroidManifest.xml:29:13-31:52
107                android:name="androidx.lifecycle.ProcessLifecycleInitializer"
107-->[androidx.lifecycle:lifecycle-process:2.10.0] AndroidManifest.xml:30:17-78
108                android:value="androidx.startup" />
108-->[androidx.lifecycle:lifecycle-process:2.10.0] AndroidManifest.xml:31:17-49
109            <meta-data
109-->[androidx.profileinstaller:profileinstaller:1.4.0] AndroidManifest.xml:29:13-31:52
110                android:name="androidx.profileinstaller.ProfileInstallerInitializer"
110-->[androidx.profileinstaller:profileinstaller:1.4.0] AndroidManifest.xml:30:17-85
111                android:value="androidx.startup" />
111-->[androidx.profileinstaller:profileinstaller:1.4.0] AndroidManifest.xml:31:17-49
112        </provider>
113
114        <activity
114-->[androidx.compose.ui:ui-test-manifest:1.10.6] AndroidManifest.xml:23:9-26:79
115            android:name="androidx.activity.ComponentActivity"
115-->[androidx.compose.ui:ui-test-manifest:1.10.6] AndroidManifest.xml:24:13-63
116            android:exported="true"
116-->[androidx.compose.ui:ui-test-manifest:1.10.6] AndroidManifest.xml:25:13-36
117            android:theme="@android:style/Theme.Material.Light.NoActionBar" />
117-->[androidx.compose.ui:ui-test-manifest:1.10.6] AndroidManifest.xml:26:13-76
118
119        <receiver
119-->[androidx.profileinstaller:profileinstaller:1.4.0] AndroidManifest.xml:34:9-52:20
120            android:name="androidx.profileinstaller.ProfileInstallReceiver"
120-->[androidx.profileinstaller:profileinstaller:1.4.0] AndroidManifest.xml:35:13-76
121            android:directBootAware="false"
121-->[androidx.profileinstaller:profileinstaller:1.4.0] AndroidManifest.xml:36:13-44
122            android:enabled="true"
122-->[androidx.profileinstaller:profileinstaller:1.4.0] AndroidManifest.xml:37:13-35
123            android:exported="true"
123-->[androidx.profileinstaller:profileinstaller:1.4.0] AndroidManifest.xml:38:13-36
124            android:permission="android.permission.DUMP" >
124-->[androidx.profileinstaller:profileinstaller:1.4.0] AndroidManifest.xml:39:13-57
125            <intent-filter>
125-->[androidx.profileinstaller:profileinstaller:1.4.0] AndroidManifest.xml:40:13-42:29
126                <action android:name="androidx.profileinstaller.action.INSTALL_PROFILE" />
126-->[androidx.profileinstaller:profileinstaller:1.4.0] AndroidManifest.xml:41:17-91
126-->[androidx.profileinstaller:profileinstaller:1.4.0] AndroidManifest.xml:41:25-88
127            </intent-filter>
128            <intent-filter>
128-->[androidx.profileinstaller:profileinstaller:1.4.0] AndroidManifest.xml:43:13-45:29
129                <action android:name="androidx.profileinstaller.action.SKIP_FILE" />
129-->[androidx.profileinstaller:profileinstaller:1.4.0] AndroidManifest.xml:44:17-85
129-->[androidx.profileinstaller:profileinstaller:1.4.0] AndroidManifest.xml:44:25-82
130            </intent-filter>
131            <intent-filter>
131-->[androidx.profileinstaller:profileinstaller:1.4.0] AndroidManifest.xml:46:13-48:29
132                <action android:name="androidx.profileinstaller.action.SAVE_PROFILE" />
132-->[androidx.profileinstaller:profileinstaller:1.4.0] AndroidManifest.xml:47:17-88
132-->[androidx.profileinstaller:profileinstaller:1.4.0] AndroidManifest.xml:47:25-85
133            </intent-filter>
134            <intent-filter>
134-->[androidx.profileinstaller:profileinstaller:1.4.0] AndroidManifest.xml:49:13-51:29
135                <action android:name="androidx.profileinstaller.action.BENCHMARK_OPERATION" />
135-->[androidx.profileinstaller:profileinstaller:1.4.0] AndroidManifest.xml:50:17-95
135-->[androidx.profileinstaller:profileinstaller:1.4.0] AndroidManifest.xml:50:25-92
136            </intent-filter>
137        </receiver>
138    </application>
139
140</manifest>